<?xml version="1.0" encoding="UTF-8"?>
<!-- Generated by org.testng.reporters.JUnitReportReporter -->
<testsuite hostname="Admins-MacBook-Pro.local" failures="0" tests="1" name="Testscripts.test" time="0.005" errors="0" timestamp="2023-08-31T22:05:13 IST" skipped="0">
  <testcase classname="Testscripts.test" name="testtest" time="0.005"/>
</testsuite> <!-- Testscripts.test -->
